

 ETABS Ultimate 64-bit 17.0.1 Build 1888 (Analysis Build 9648/64)
 File: E:\Hotel Project\Etabs\Hotel_Project_V1.1.LOG




 B E G I N   A N A L Y S I S                                2024/06/26  17:19:36


 RUNNING ANALYSIS AS A SEPARATE PROCESS
 USING THE ADVANCED SOLVER (PROVIDES LIMITED INSTABILITY INFORMATION)

 NUMBER OF JOINTS                          =        4140
    WITH RESTRAINTS                        =         275
    WITH MASS                              =         181
 NUMBER OF FRAME/CABLE/TENDON ELEMENTS     =        3037
 NUMBER OF SHELL ELEMENTS                  =        3015
 NUMBER OF CONSTRAINTS/WELDS               =           7
 NUMBER OF LOAD PATTERNS                   =          37
 NUMBER OF ACCELERATION LOADS              =           9
 NUMBER OF LOAD CASES                      =          10

 ADDRESSABLE PHYSICAL MEMORY (RAM)         =       6.932 GB

 PARALLELIZATION OF ANALYSIS OPERATIONS:
 (Env. variable SAPFIRE_NUM_THREADS        =           0)
 NUMBER OF THREADS: STATE (AUTOMATIC)      =           4
 NUMBER OF THREADS: STIFFNESS (AUTOMATIC)  =           4
 NUMBER OF THREADS: EVENT (AUTOMATIC)      =           4
 NUMBER OF THREADS: MOVE (AUTOMATIC)       =           4
 NUMBER OF THREADS: RESPONSE (AUTOMATIC)   =           4
 NUMBER OF THREADS: SOLVE (AUTOMATIC)      =           4
 NUMBER OF THREADS: FORM (AUTOMATIC)       =           4


 E L E M E N T   F O R M A T I O N                                      17:19:37


 NUMBER OF COUPLED CONSTRAINT EQUATIONS    =           0


 L I N E A R   E Q U A T I O N   S O L U T I O N                        17:19:37

 FORMING STIFFNESS AT ZERO (UNSTRESSED) INITIAL CONDITIONS

 TOTAL NUMBER OF EQUILIBRIUM EQUATIONS     =       11862
 NUMBER OF NON-ZERO STIFFNESS TERMS        =      191736

 ---------------------------------
 BASIC STABILITY CHECK FOR LINEAR LOAD CASES:
    NUMBER OF NEGATIVE STIFFNESS EIGENVALUES SHOULD BE ZERO FOR STABILITY.
    (NOTE: FURTHER CHECKS SHOULD BE CONSIDERED AS DEEMED NECESSARY,
     SUCH AS REVIEWING EIGEN MODES FOR MECHANISMS AND RIGID-BODY MOTION)

    NUMBER OF NEGATIVE EIGENVALUES         =           0,  OK.
 ---------------------------------


 L I N E A R   S T A T I C   C A S E S                                  17:19:38

 USING STIFFNESS AT ZERO (UNSTRESSED) INITIAL CONDITIONS

 TOTAL NUMBER OF CASES TO SOLVE            =           5
 NUMBER OF CASES TO SOLVE PER BLOCK        =           5

 LINEAR STATIC CASES TO BE SOLVED:

 CASE: DEAD
 CASE: LIVE
 CASE: EQX
 CASE: EQX1
 CASE: ~LLRF


 M U L T I - S T E P   L I N E A R   S T A T I C   A N A L Y S I S      17:19:38

 CASE: EQX2

 USING STIFFNESS AT ZERO (UNSTRESSED) INITIAL CONDITIONS

 NUMBER OF LOAD STEPS                      =           3


 Solving load steps:       1 to       3
 NUMBER OF OUTPUT STEPS SAVED              =           3


 M U L T I - S T E P   L I N E A R   S T A T I C   A N A L Y S I S      17:19:39

 CASE: EQY

 USING STIFFNESS AT ZERO (UNSTRESSED) INITIAL CONDITIONS

 NUMBER OF LOAD STEPS                      =           3


 Solving load steps:       1 to       3
 NUMBER OF OUTPUT STEPS SAVED              =           3


 M U L T I - S T E P   L I N E A R   S T A T I C   A N A L Y S I S      17:19:39

 CASE: WX

 USING STIFFNESS AT ZERO (UNSTRESSED) INITIAL CONDITIONS

 NUMBER OF LOAD STEPS                      =          12


 Solving load steps:       1 to      12
 NUMBER OF OUTPUT STEPS SAVED              =          12


 M U L T I - S T E P   L I N E A R   S T A T I C   A N A L Y S I S      17:19:40

 CASE: WY

 USING STIFFNESS AT ZERO (UNSTRESSED) INITIAL CONDITIONS

 NUMBER OF LOAD STEPS                      =          12


 Solving load steps:       1 to      12
 NUMBER OF OUTPUT STEPS SAVED              =          12


 E I G E N   M O D A L   A N A L Y S I S                                17:19:41

 CASE: MODAL

 USING STIFFNESS AT ZERO (UNSTRESSED) INITIAL CONDITIONS

 NUMBER OF STIFFNESS DEGREES OF FREEDOM    =       11862
 NUMBER OF MASS DEGREES OF FREEDOM         =         297
 MAXIMUM NUMBER OF EIGEN MODES SOUGHT      =          12
 MINIMUM NUMBER OF EIGEN MODES SOUGHT      =           1
 NUMBER OF RESIDUAL-MASS MODES SOUGHT      =           0
 NUMBER OF SUBSPACE VECTORS USED           =          24
 RELATIVE CONVERGENCE TOLERANCE            =    1.00E-09

 FREQUENCY SHIFT  (CENTER) (CYC/TIME)      =     .000000
 FREQUENCY CUTOFF (RADIUS) (CYC/TIME)      =  -INFINITY-
 ALLOW AUTOMATIC FREQUENCY SHIFTING        =         YES


 Original stiffness at shift : EV= 0.0000000E+00, f=     .000000, T=  -INFINITY-
 Number of eigenvalues below shift =      0
 Found mode      1 of     12:  EV= 8.7933010E+00, f=    0.471950, T=    2.118868
 Found mode      2 of     12:  EV= 2.3550353E+01, f=    0.772358, T=    1.294736
 Found mode      3 of     12:  EV= 5.6092089E+01, f=    1.191985, T=    0.838936
 Found mode      4 of     12:  EV= 8.7037346E+01, f=    1.484817, T=    0.673484
 Found mode      5 of     12:  EV= 2.7526660E+02, f=    2.640565, T=    0.378707
 Found mode      6 of     12:  EV= 4.3575820E+02, f=    3.322331, T=    0.300993
 Found mode      7 of     12:  EV= 6.0031557E+02, f=    3.899509, T=    0.256443
 Found mode      8 of     12:  EV= 9.4062265E+02, f=    4.881214, T=    0.204867
 Found mode      9 of     12:  EV= 9.9627338E+02, f=    5.023535, T=    0.199063
 Found mode     10 of     12:  EV= 1.0695042E+03, f=    5.204888, T=    0.192127
 Found mode     11 of     12:  EV= 1.0759117E+03, f=    5.220456, T=    0.191554
 Found mode     12 of     12:  EV= 1.1036565E+03, f=    5.287338, T=    0.189131

 NUMBER OF EIGEN MODES FOUND               =          12
 NUMBER OF ITERATIONS PERFORMED            =          15
 NUMBER OF STIFFNESS SHIFTS                =           0


 A N A L Y S I S   C O M P L E T E                          2024/06/26  17:19:45


 ETABS Ultimate 64-bit 17.0.1 Build 1888 (Analysis Build 9648/64)
 File: E:\Hotel Project\Etabs\Hotel_Project_V1.1.LOG




 B E G I N   A N A L Y S I S                                2024/06/26  17:19:48


 RUNNING ANALYSIS AS A SEPARATE PROCESS
 USING THE ADVANCED SOLVER (PROVIDES LIMITED INSTABILITY INFORMATION)

 NUMBER OF JOINTS                          =        4140
    WITH RESTRAINTS                        =         275
    WITH MASS                              =         181
 NUMBER OF FRAME/CABLE/TENDON ELEMENTS     =        3037
 NUMBER OF SHELL ELEMENTS                  =        3015
 NUMBER OF CONSTRAINTS/WELDS               =           7
 NUMBER OF LOAD PATTERNS                   =          37
 NUMBER OF ACCELERATION LOADS              =           9
 NUMBER OF LOAD CASES                      =          10

 ADDRESSABLE PHYSICAL MEMORY (RAM)         =       6.932 GB

 PARALLELIZATION OF ANALYSIS OPERATIONS:
 (Env. variable SAPFIRE_NUM_THREADS        =           0)
 NUMBER OF THREADS: STATE (AUTOMATIC)      =           4
 NUMBER OF THREADS: STIFFNESS (AUTOMATIC)  =           4
 NUMBER OF THREADS: EVENT (AUTOMATIC)      =           4
 NUMBER OF THREADS: MOVE (AUTOMATIC)       =           4
 NUMBER OF THREADS: RESPONSE (AUTOMATIC)   =           4
 NUMBER OF THREADS: SOLVE (AUTOMATIC)      =           4
 NUMBER OF THREADS: FORM (AUTOMATIC)       =           4


 E L E M E N T   F O R M A T I O N                                      17:19:48


 NUMBER OF COUPLED CONSTRAINT EQUATIONS    =           0


 L I N E A R   E Q U A T I O N   S O L U T I O N                        17:19:48

 FORMING STIFFNESS AT ZERO (UNSTRESSED) INITIAL CONDITIONS

 TOTAL NUMBER OF EQUILIBRIUM EQUATIONS     =       11862
 NUMBER OF NON-ZERO STIFFNESS TERMS        =      191736

 ---------------------------------
 BASIC STABILITY CHECK FOR LINEAR LOAD CASES:
    NUMBER OF NEGATIVE STIFFNESS EIGENVALUES SHOULD BE ZERO FOR STABILITY.
    (NOTE: FURTHER CHECKS SHOULD BE CONSIDERED AS DEEMED NECESSARY,
     SUCH AS REVIEWING EIGEN MODES FOR MECHANISMS AND RIGID-BODY MOTION)

    NUMBER OF NEGATIVE EIGENVALUES         =           0,  OK.
 ---------------------------------


 M U L T I - S T E P   L I N E A R   S T A T I C   A N A L Y S I S      17:19:49

 CASE: EQX2

 USING STIFFNESS AT ZERO (UNSTRESSED) INITIAL CONDITIONS

 NUMBER OF LOAD STEPS                      =           3


 Solving load steps:       1 to       3
 NUMBER OF OUTPUT STEPS SAVED              =           3


 M U L T I - S T E P   L I N E A R   S T A T I C   A N A L Y S I S      17:19:49

 CASE: EQY

 USING STIFFNESS AT ZERO (UNSTRESSED) INITIAL CONDITIONS

 NUMBER OF LOAD STEPS                      =           3


 Solving load steps:       1 to       3
 NUMBER OF OUTPUT STEPS SAVED              =           3


 A N A L Y S I S   C O M P L E T E                          2024/06/26  17:19:50
